<?xml version="1.0" encoding="UTF-8"?>
<!-- Generated by org.testng.reporters.JUnitXMLReporter -->
<testsuite ignored="0" hostname="LAPTOP-BF1S96ML" failures="0" tests="3" name="Test" time="15.579" errors="0" timestamp="2021-09-22T22:58:40 IST">
  <testcase classname="TesterDoHere.SeleniumProject" name="login_Test" time="15.541"/>
  <testcase classname="TesterDoHere.TestApp" name="testlogin1" time="0.006"/>
  <testcase classname="TesterDoHere.TestApp" name="testlogin2" time="0.003"/>
</testsuite> <!-- Test -->
