<?xml version="1.0" encoding="UTF-8"?>
<testng-results ignored="0" total="2" passed="2" failed="0" skipped="0">
  <reporter-output>
  </reporter-output>
  <suite started-at="2021-10-15T21:02:08 IST" name="Default suite" finished-at="2021-10-15T21:02:08 IST" duration-ms="38">
    <groups>
    </groups>
    <test started-at="2021-10-15T21:02:08 IST" name="Default test" finished-at="2021-10-15T21:02:08 IST" duration-ms="38">
      <class name="TesterDoHere.TestApp">
        <test-method signature="testlogin1()[pri:0, instance:TesterDoHere.TestApp@3738449f]" started-at="2021-10-15T21:02:08 IST" name="testlogin1" finished-at="2021-10-15T21:02:08 IST" duration-ms="12" status="PASS">
          <reporter-output>
          </reporter-output>
        </test-method> <!-- testlogin1 -->
        <test-method signature="testlogin2()[pri:0, instance:TesterDoHere.TestApp@3738449f]" started-at="2021-10-15T21:02:08 IST" name="testlogin2" finished-at="2021-10-15T21:02:08 IST" duration-ms="1" status="PASS">
          <reporter-output>
          </reporter-output>
        </test-method> <!-- testlogin2 -->
      </class> <!-- TesterDoHere.TestApp -->
    </test> <!-- Default test -->
  </suite> <!-- Default suite -->
</testng-results>
